Using pre-set license
Built from '2020.3/release' branch; Version is '2020.3.12f1 (b3b2c6512326) revision 11776710'; Using compiler version '192528614'; Build Type 'Release'
OS: 'Windows 10 Pro; OS build 19041.1052; Version 2004; 64bit' Language: 'en' Physical Memory: 24567 MB
BatchMode: 1, IsHumanControllingUs: 0, StartBugReporterOnCrash: 0, Is64bit: 1, IsPro: 0

 COMMAND LINE ARGUMENTS:
C:\Program Files\Unity\Hub\Editor\2020.3.12f1\Editor\Unity.exe
-adb2
-batchMode
-noUpm
-name
AssetImportWorker0
-projectPath
C:/Users/Eric's Slave/Documents/GitHub/Ghetto-pianotiles/piano tile
-logFile
Logs/AssetImportWorker0.log
-srvPort
65319
Successfully changed project path to: C:/Users/Eric's Slave/Documents/GitHub/Ghetto-pianotiles/piano tile
C:/Users/Eric's Slave/Documents/GitHub/Ghetto-pianotiles/piano tile
Using Asset Import Pipeline V2.
Refreshing native plugins compatible for Editor in 75.66 ms, found 3 plugins.
Preloading 0 native plugins for Editor in 0.00 ms.
Initialize engine version: 2020.3.12f1 (b3b2c6512326)
[Subsystems] Discovering subsystems at path C:/Program Files/Unity/Hub/Editor/2020.3.12f1/Editor/Data/Resources/UnitySubsystems
[Subsystems] Discovering subsystems at path C:/Users/Eric's Slave/Documents/GitHub/Ghetto-pianotiles/piano tile/Assets
GfxDevice: creating device client; threaded=0
Direct3D:
    Version:  Direct3D 11.0 [level 11.0]
    Renderer: AMD Radeon HD 5800 Series (ID=0x6898)
    Vendor:   
    VRAM:     1010 MB
    Driver:   15.200.1062.1004
Initialize mono
Mono path[0] = 'C:/Program Files/Unity/Hub/Editor/2020.3.12f1/Editor/Data/Managed'
Mono path[1] = 'C:/Program Files/Unity/Hub/Editor/2020.3.12f1/Editor/Data/MonoBleedingEdge/lib/mono/unityjit'
Mono config path = 'C:/Program Files/Unity/Hub/Editor/2020.3.12f1/Editor/Data/MonoBleedingEdge/etc'
Using monoOptions --debugger-agent=transport=dt_socket,embedding=1,server=y,suspend=n,address=127.0.0.1:56312
Begin MonoManager ReloadAssembly
Registering precompiled unity dll's ...
Register platform support module: C:/Program Files/Unity/Hub/Editor/2020.3.12f1/Editor/Data/PlaybackEngines/WindowsStandaloneSupport/UnityEditor.WindowsStandalone.Extensions.dll
Registered in 0.004090 seconds.
Native extension for WindowsStandalone target not found
Refreshing native plugins compatible for Editor in 71.94 ms, found 3 plugins.
Preloading 0 native plugins for Editor in 0.00 ms.
Mono: successfully reloaded assembly
- Completed reload, in  1.982 seconds
Platform modules already initialized, skipping
Registering precompiled user dll's ...
Registered in 0.008318 seconds.
Begin MonoManager ReloadAssembly
Native extension for WindowsStandalone target not found
Refreshing native plugins compatible for Editor in 71.16 ms, found 3 plugins.
Preloading 0 native plugins for Editor in 0.00 ms.
Mono: successfully reloaded assembly
- Completed reload, in  1.943 seconds
Platform modules already initialized, skipping
========================================================================
Worker process is ready to serve import requests
Launched and connected shader compiler UnityShaderCompiler.exe after 0.05 seconds
Refreshing native plugins compatible for Editor in 0.75 ms, found 3 plugins.
Preloading 0 native plugins for Editor in 0.00 ms.
Unloading 2082 Unused Serialized files (Serialized files now loaded: 0)
System memory in use before: 92.9 MB.
System memory in use after: 92.9 MB.

Unloading 33 unused Assets to reduce memory usage. Loaded Objects now: 2515.
Total: 3.518700 ms (FindLiveObjects: 0.279700 ms CreateObjectMapping: 0.120700 ms MarkObjects: 2.922900 ms  DeleteObjects: 0.193400 ms)

AssetImportParameters requested are different than current active one (requested -> active):
  custom:framework-win-MediaFoundation: 216162199b28c13a410421893ffa2e32 -> 
  custom:video-decoder-ogg-theora: a1e56fd34408186e4bbccfd4996cb3dc -> 
  custom:container-muxer-webm: aa71ff27fc2769a1b78a27578f13a17b -> 
  custom:container-demuxer-webm: 4f35f7cbe854078d1ac9338744f61a02 -> 
  custom:container-demuxer-ogg: 62fdf1f143b41e24485cea50d1cbac27 -> 
  custom:video-encoder-webm-vp8: eb34c28f22e8b96e1ab97ce403110664 -> 
  custom:video-decoder-webm-vp8: 9c59270c3fd7afecdb556c50c9e8de78 -> 
  custom:audio-decoder-ogg-vorbis: bf7c407c2cedff20999df2af8eb42d56 -> 
  custom:audio-encoder-webm-vorbis: bf7c407c2cedff20999df2af8eb42d56 -> 
========================================================================
Received Import Request.
  path: Assets/D Note.png
  artifactKey: Guid(2f7f1a5c8a3d28c4caf6318e043a9e00) Importer(815301076,1909f56bfc062723c751e8b465ee728b)
Start importing Assets/D Note.png using Guid(2f7f1a5c8a3d28c4caf6318e043a9e00) Importer(815301076,1909f56bfc062723c751e8b465ee728b)  -> (artifact id: 'cc5a6c2ace949c8b91ec1eb5deb82585') in 0.178461 seconds 
  Import took 0.183187 seconds .

========================================================================
Received Import Request.
  Time since last request: 8.380550 seconds.
  path: Assets/Scenes
  artifactKey: Guid(fad9c8cc357c76e4eb5ed414661cd445) Importer(815301076,1909f56bfc062723c751e8b465ee728b)
Start importing Assets/Scenes using Guid(fad9c8cc357c76e4eb5ed414661cd445) Importer(815301076,1909f56bfc062723c751e8b465ee728b)  -> (artifact id: '2bec148d4228e2c1c511de33fe1c24ed') in 0.010838 seconds 
  Import took 0.015650 seconds .

========================================================================
Received Import Request.
  Time since last request: 156.669465 seconds.
  path: Assets/notes.cs
  artifactKey: Guid(85a4e62f20a7ba542988239315cbf3d8) Importer(815301076,1909f56bfc062723c751e8b465ee728b)
Start importing Assets/notes.cs using Guid(85a4e62f20a7ba542988239315cbf3d8) Importer(815301076,1909f56bfc062723c751e8b465ee728b)  -> (artifact id: '31e2de00f7f9fb710bfaa6d760669ee6') in 0.009757 seconds 
  Import took 0.014889 seconds .

========================================================================
Received Import Request.
  Time since last request: 0.000714 seconds.
  path: Assets/notes.cs
  artifactKey: Guid(85a4e62f20a7ba542988239315cbf3d8) Importer(815301076,1909f56bfc062723c751e8b465ee728b)
Start importing Assets/notes.cs using Guid(85a4e62f20a7ba542988239315cbf3d8) Importer(815301076,1909f56bfc062723c751e8b465ee728b)  -> (artifact id: '31e2de00f7f9fb710bfaa6d760669ee6') in 0.003373 seconds 
  Import took 0.008430 seconds .

AssetImportWorkerClient::OnTransportError - code=2 error=End of file
